<?xml version="1.0" encoding="UTF-8"?>
<testsuite xmlns:xsi="http://www.w3.org/2001/XMLSchema-instance" xsi:noNamespaceSchemaLocation="https://maven.apache.org/surefire/maven-surefire-plugin/xsd/surefire-test-report-3.0.xsd" version="3.0" name="L2023113155_15_Test" time="0.065" tests="5" errors="0" skipped="0" failures="0">
  <properties>
[...]
</properties>
  <testcase name="testLeadingZerosAndMultiDigit" classname="L2023113155_15_Test" time="0.006"/>
  <testcase name="testInvalidInputHandling" classname="L2023113155_15_Test" time="0"/>
  <testcase name="testBoundaryConditions" classname="L2023113155_15_Test" time="0"/>
  <testcase name="testLongVersionComparison" classname="L2023113155_15_Test" time="0"/>
  <testcase name="testNormalVersionComparison" classname="L2023113155_15_Test" time="0"/>
</testsuite>